<?xml version="1.0" encoding="UTF-8"?>
<testsuite name="Login Test"
           tests="6"
           failures="0"
           errors="0"
           skipped="0"
           time="85.291">
  <properties />
  
  
            <testcase name="customerShouldDepositeMoneySuccessfully" time="20.976" classname="com.bank.testsuite.BankTest" />
                <testcase name="customerShouldLoginAndLogoutSuccessfully" time="20.870" classname="com.bank.testsuite.BankTest" />
                <testcase name="bankManagerShouldAddCustomerSuccessfully" time="1.055" classname="com.bank.testsuite.BankTest" />
                <testcase name="bankManagerShouldOpenAccountSuccessfully" time="0.778" classname="com.bank.testsuite.BankTest" />
                <testcase name="bankManagerShouldDeleteCustomerSuccessfully" time="20.616" classname="com.bank.testsuite.BankTest" />
                <testcase name="customerShouldWithdrawMoneySuccessfully" time="20.996" classname="com.bank.testsuite.BankTest" />
      
</testsuite>
